<?xml version="1.0" encoding="UTF-8"?>
<testsuite xmlns:xsi="http://www.w3.org/2001/XMLSchema-instance" xsi:noNamespaceSchemaLocation="https://maven.apache.org/surefire/maven-surefire-plugin/xsd/surefire-test-report-3.0.xsd" version="3.0" name="ar.edu.utn.frc.tup.lciii.ApplicationTests" time="8.785" tests="1" errors="0" skipped="0" failures="0">
  <properties>
    <property name="java.specification.version" value="17"/>
    <property name="sun.cpu.isalist" value="amd64"/>
    <property name="sun.jnu.encoding" value="Cp1252"/>
    <property name="java.class.path" value="C:\Users\mateo\OneDrive\Documentos\GitHub\Pt1-LCIV\modelo-finall-lciv-api-loteria-404947-Gallo-Mateo\target\test-classes;C:\Users\mateo\OneDrive\Documentos\GitHub\Pt1-LCIV\modelo-finall-lciv-api-loteria-404947-Gallo-Mateo\target\classes;C:\Users\mateo\.m2\repository\org\springframework\boot\spring-boot-starter-web\3.1.0\spring-boot-starter-web-3.1.0.jar;C:\Users\mateo\.m2\repository\org\springframework\boot\spring-boot-starter\3.1.0\spring-boot-starter-3.1.0.jar;C:\Users\mateo\.m2\repository\org\springframework\boot\spring-boot-starter-logging\3.1.0\spring-boot-starter-logging-3.1.0.jar;C:\Users\mateo\.m2\repository\ch\qos\logback\logback-classic\1.4.7\logback-classic-1.4.7.jar;C:\Users\mateo\.m2\repository\ch\qos\logback\logback-core\1.4.7\logback-core-1.4.7.jar;C:\Users\mateo\.m2\repository\org\apache\logging\log4j\log4j-to-slf4j\2.20.0\log4j-to-slf4j-2.20.0.jar;C:\Users\mateo\.m2\repository\org\apache\logging\log4j\log4j-api\2.20.0\log4j-api-2.20.0.jar;C:\Users\mateo\.m2\repository\org\slf4j\jul-to-slf4j\2.0.7\jul-to-slf4j-2.0.7.jar;C:\Users\mateo\.m2\repository\jakarta\annotation\jakarta.annotation-api\2.1.1\jakarta.annotation-api-2.1.1.jar;C:\Users\mateo\.m2\repository\org\yaml\snakeyaml\1.33\snakeyaml-1.33.jar;C:\Users\mateo\.m2\repository\org\springframework\boot\spring-boot-starter-json\3.1.0\spring-boot-starter-json-3.1.0.jar;C:\Users\mateo\.m2\repository\com\fasterxml\jackson\datatype\jackson-datatype-jdk8\2.15.0\jackson-datatype-jdk8-2.15.0.jar;C:\Users\mateo\.m2\repository\com\fasterxml\jackson\module\jackson-module-parameter-names\2.15.0\jackson-module-parameter-names-2.15.0.jar;C:\Users\mateo\.m2\repository\org\springframework\boot\spring-boot-starter-tomcat\3.1.0\spring-boot-starter-tomcat-3.1.0.jar;C:\Users\mateo\.m2\repository\org\apache\tomcat\embed\tomcat-embed-core\10.1.8\tomcat-embed-core-10.1.8.jar;C:\Users\mateo\.m2\repository\org\apache\tomcat\embed\tomcat-embed-websocket\10.1.8\tomcat-embed-websocket-10.1.8.jar;C:\Users\mateo\.m2\repository\org\springframework\spring-web\6.0.9\spring-web-6.0.9.jar;C:\Users\mateo\.m2\repository\org\springframework\spring-beans\6.0.9\spring-beans-6.0.9.jar;C:\Users\mateo\.m2\repository\io\micrometer\micrometer-observation\1.11.0\micrometer-observation-1.11.0.jar;C:\Users\mateo\.m2\repository\io\micrometer\micrometer-commons\1.11.0\micrometer-commons-1.11.0.jar;C:\Users\mateo\.m2\repository\org\springframework\spring-webmvc\6.0.9\spring-webmvc-6.0.9.jar;C:\Users\mateo\.m2\repository\org\springframework\spring-aop\6.0.9\spring-aop-6.0.9.jar;C:\Users\mateo\.m2\repository\org\springframework\spring-context\6.0.9\spring-context-6.0.9.jar;C:\Users\mateo\.m2\repository\org\springframework\spring-expression\6.0.9\spring-expression-6.0.9.jar;C:\Users\mateo\.m2\repository\com\google\code\gson\gson\2.8.9\gson-2.8.9.jar;C:\Users\mateo\.m2\repository\com\fasterxml\jackson\core\jackson-databind\2.17.0\jackson-databind-2.17.0.jar;C:\Users\mateo\.m2\repository\com\fasterxml\jackson\core\jackson-annotations\2.15.0\jackson-annotations-2.15.0.jar;C:\Users\mateo\.m2\repository\com\fasterxml\jackson\core\jackson-core\2.15.0\jackson-core-2.15.0.jar;C:\Users\mateo\.m2\repository\net\bytebuddy\byte-buddy\1.14.4\byte-buddy-1.14.4.jar;C:\Users\mateo\.m2\repository\com\fasterxml\jackson\datatype\jackson-datatype-jsr310\2.13.0\jackson-datatype-jsr310-2.13.0.jar;C:\Users\mateo\.m2\repository\org\springframework\boot\spring-boot-devtools\3.1.0\spring-boot-devtools-3.1.0.jar;C:\Users\mateo\.m2\repository\org\springframework\boot\spring-boot\3.1.0\spring-boot-3.1.0.jar;C:\Users\mateo\.m2\repository\org\springframework\boot\spring-boot-autoconfigure\3.1.0\spring-boot-autoconfigure-3.1.0.jar;C:\Users\mateo\.m2\repository\org\springframework\boot\spring-boot-starter-test\3.1.0\spring-boot-starter-test-3.1.0.jar;C:\Users\mateo\.m2\repository\org\springframework\boot\spring-boot-test\3.1.0\spring-boot-test-3.1.0.jar;C:\Users\mateo\.m2\repository\org\springframework\boot\spring-boot-test-autoconfigure\3.1.0\spring-boot-test-autoconfigure-3.1.0.jar;C:\Users\mateo\.m2\repository\com\jayway\jsonpath\json-path\2.8.0\json-path-2.8.0.jar;C:\Users\mateo\.m2\repository\org\slf4j\slf4j-api\2.0.7\slf4j-api-2.0.7.jar;C:\Users\mateo\.m2\repository\jakarta\xml\bind\jakarta.xml.bind-api\4.0.0\jakarta.xml.bind-api-4.0.0.jar;C:\Users\mateo\.m2\repository\jakarta\activation\jakarta.activation-api\2.1.2\jakarta.activation-api-2.1.2.jar;C:\Users\mateo\.m2\repository\net\minidev\json-smart\2.4.10\json-smart-2.4.10.jar;C:\Users\mateo\.m2\repository\net\minidev\accessors-smart\2.4.9\accessors-smart-2.4.9.jar;C:\Users\mateo\.m2\repository\org\ow2\asm\asm\9.3\asm-9.3.jar;C:\Users\mateo\.m2\repository\org\assertj\assertj-core\3.24.2\assertj-core-3.24.2.jar;C:\Users\mateo\.m2\repository\org\hamcrest\hamcrest\2.2\hamcrest-2.2.jar;C:\Users\mateo\.m2\repository\org\junit\jupiter\junit-jupiter\5.9.3\junit-jupiter-5.9.3.jar;C:\Users\mateo\.m2\repository\org\junit\jupiter\junit-jupiter-api\5.9.3\junit-jupiter-api-5.9.3.jar;C:\Users\mateo\.m2\repository\org\opentest4j\opentest4j\1.2.0\opentest4j-1.2.0.jar;C:\Users\mateo\.m2\repository\org\junit\platform\junit-platform-commons\1.9.3\junit-platform-commons-1.9.3.jar;C:\Users\mateo\.m2\repository\org\apiguardian\apiguardian-api\1.1.2\apiguardian-api-1.1.2.jar;C:\Users\mateo\.m2\repository\org\junit\jupiter\junit-jupiter-params\5.9.3\junit-jupiter-params-5.9.3.jar;C:\Users\mateo\.m2\repository\org\junit\jupiter\junit-jupiter-engine\5.9.3\junit-jupiter-engine-5.9.3.jar;C:\Users\mateo\.m2\repository\org\junit\platform\junit-platform-engine\1.9.3\junit-platform-engine-1.9.3.jar;C:\Users\mateo\.m2\repository\org\mockito\mockito-core\5.3.1\mockito-core-5.3.1.jar;C:\Users\mateo\.m2\repository\net\bytebuddy\byte-buddy-agent\1.14.4\byte-buddy-agent-1.14.4.jar;C:\Users\mateo\.m2\repository\org\objenesis\objenesis\3.3\objenesis-3.3.jar;C:\Users\mateo\.m2\repository\org\mockito\mockito-junit-jupiter\5.3.1\mockito-junit-jupiter-5.3.1.jar;C:\Users\mateo\.m2\repository\org\skyscreamer\jsonassert\1.5.1\jsonassert-1.5.1.jar;C:\Users\mateo\.m2\repository\com\vaadin\external\google\android-json\0.0.20131108.vaadin1\android-json-0.0.20131108.vaadin1.jar;C:\Users\mateo\.m2\repository\org\springframework\spring-core\6.0.9\spring-core-6.0.9.jar;C:\Users\mateo\.m2\repository\org\springframework\spring-jcl\6.0.9\spring-jcl-6.0.9.jar;C:\Users\mateo\.m2\repository\org\springframework\spring-test\6.0.9\spring-test-6.0.9.jar;C:\Users\mateo\.m2\repository\org\xmlunit\xmlunit-core\2.9.1\xmlunit-core-2.9.1.jar;C:\Users\mateo\.m2\repository\org\springframework\boot\spring-boot-starter-data-jpa\3.1.0\spring-boot-starter-data-jpa-3.1.0.jar;C:\Users\mateo\.m2\repository\org\springframework\boot\spring-boot-starter-aop\3.1.0\spring-boot-starter-aop-3.1.0.jar;C:\Users\mateo\.m2\repository\org\aspectj\aspectjweaver\1.9.19\aspectjweaver-1.9.19.jar;C:\Users\mateo\.m2\repository\org\springframework\boot\spring-boot-starter-jdbc\3.1.0\spring-boot-starter-jdbc-3.1.0.jar;C:\Users\mateo\.m2\repository\com\zaxxer\HikariCP\5.0.1\HikariCP-5.0.1.jar;C:\Users\mateo\.m2\repository\org\springframework\spring-jdbc\6.0.9\spring-jdbc-6.0.9.jar;C:\Users\mateo\.m2\repository\org\hibernate\orm\hibernate-core\6.2.2.Final\hibernate-core-6.2.2.Final.jar;C:\Users\mateo\.m2\repository\jakarta\persistence\jakarta.persistence-api\3.1.0\jakarta.persistence-api-3.1.0.jar;C:\Users\mateo\.m2\repository\jakarta\transaction\jakarta.transaction-api\2.0.1\jakarta.transaction-api-2.0.1.jar;C:\Users\mateo\.m2\repository\org\jboss\logging\jboss-logging\3.5.0.Final\jboss-logging-3.5.0.Final.jar;C:\Users\mateo\.m2\repository\org\hibernate\common\hibernate-commons-annotations\6.0.6.Final\hibernate-commons-annotations-6.0.6.Final.jar;C:\Users\mateo\.m2\repository\io\smallrye\jandex\3.0.5\jandex-3.0.5.jar;C:\Users\mateo\.m2\repository\com\fasterxml\classmate\1.5.1\classmate-1.5.1.jar;C:\Users\mateo\.m2\repository\org\glassfish\jaxb\jaxb-runtime\4.0.2\jaxb-runtime-4.0.2.jar;C:\Users\mateo\.m2\repository\org\glassfish\jaxb\jaxb-core\4.0.2\jaxb-core-4.0.2.jar;C:\Users\mateo\.m2\repository\org\eclipse\angus\angus-activation\2.0.0\angus-activation-2.0.0.jar;C:\Users\mateo\.m2\repository\org\glassfish\jaxb\txw2\4.0.2\txw2-4.0.2.jar;C:\Users\mateo\.m2\repository\com\sun\istack\istack-commons-runtime\4.1.1\istack-commons-runtime-4.1.1.jar;C:\Users\mateo\.m2\repository\jakarta\inject\jakarta.inject-api\2.0.1\jakarta.inject-api-2.0.1.jar;C:\Users\mateo\.m2\repository\org\antlr\antlr4-runtime\4.10.1\antlr4-runtime-4.10.1.jar;C:\Users\mateo\.m2\repository\org\springframework\data\spring-data-jpa\3.1.0\spring-data-jpa-3.1.0.jar;C:\Users\mateo\.m2\repository\org\springframework\data\spring-data-commons\3.1.0\spring-data-commons-3.1.0.jar;C:\Users\mateo\.m2\repository\org\springframework\spring-orm\6.0.9\spring-orm-6.0.9.jar;C:\Users\mateo\.m2\repository\org\springframework\spring-tx\6.0.9\spring-tx-6.0.9.jar;C:\Users\mateo\.m2\repository\org\springframework\spring-aspects\6.0.9\spring-aspects-6.0.9.jar;C:\Users\mateo\.m2\repository\org\springframework\boot\spring-boot-starter-validation\3.1.0\spring-boot-starter-validation-3.1.0.jar;C:\Users\mateo\.m2\repository\org\apache\tomcat\embed\tomcat-embed-el\10.1.8\tomcat-embed-el-10.1.8.jar;C:\Users\mateo\.m2\repository\org\hibernate\validator\hibernate-validator\8.0.0.Final\hibernate-validator-8.0.0.Final.jar;C:\Users\mateo\.m2\repository\jakarta\validation\jakarta.validation-api\3.0.2\jakarta.validation-api-3.0.2.jar;C:\Users\mateo\.m2\repository\org\springdoc\springdoc-openapi-starter-webmvc-ui\2.1.0\springdoc-openapi-starter-webmvc-ui-2.1.0.jar;C:\Users\mateo\.m2\repository\org\springdoc\springdoc-openapi-starter-webmvc-api\2.1.0\springdoc-openapi-starter-webmvc-api-2.1.0.jar;C:\Users\mateo\.m2\repository\org\springdoc\springdoc-openapi-starter-common\2.1.0\springdoc-openapi-starter-common-2.1.0.jar;C:\Users\mateo\.m2\repository\io\swagger\core\v3\swagger-core-jakarta\2.2.9\swagger-core-jakarta-2.2.9.jar;C:\Users\mateo\.m2\repository\org\apache\commons\commons-lang3\3.12.0\commons-lang3-3.12.0.jar;C:\Users\mateo\.m2\repository\io\swagger\core\v3\swagger-annotations-jakarta\2.2.9\swagger-annotations-jakarta-2.2.9.jar;C:\Users\mateo\.m2\repository\io\swagger\core\v3\swagger-models-jakarta\2.2.9\swagger-models-jakarta-2.2.9.jar;C:\Users\mateo\.m2\repository\com\fasterxml\jackson\dataformat\jackson-dataformat-yaml\2.15.0\jackson-dataformat-yaml-2.15.0.jar;C:\Users\mateo\.m2\repository\org\webjars\swagger-ui\4.18.2\swagger-ui-4.18.2.jar;C:\Users\mateo\.m2\repository\org\projectlombok\lombok\1.18.26\lombok-1.18.26.jar;C:\Users\mateo\.m2\repository\com\h2database\h2\2.1.214\h2-2.1.214.jar;C:\Users\mateo\.m2\repository\org\modelmapper\modelmapper\3.1.1\modelmapper-3.1.1.jar;"/>
    <property name="java.vm.vendor" value="Azul Systems, Inc."/>
    <property name="sun.arch.data.model" value="64"/>
    <property name="user.variant" value=""/>
    <property name="java.vendor.url" value="http://www.azul.com/"/>
    <property name="user.timezone" value="GMT-03:00"/>
    <property name="org.jboss.logging.provider" value="slf4j"/>
    <property name="os.name" value="Windows 11"/>
    <property name="java.vm.specification.version" value="17"/>
    <property name="sun.java.launcher" value="SUN_STANDARD"/>
    <property name="user.country" value="AR"/>
    <property name="sun.boot.library.path" value="C:\Users\mateo\.jdks\azul-17.0.10\bin"/>
    <property name="sun.java.command" value="C:\Users\mateo\AppData\Local\Temp\surefire3809364920486771141\surefirebooter-20241001222325169_3.jar C:\Users\mateo\AppData\Local\Temp\surefire3809364920486771141 2024-10-01T22-23-25_002-jvmRun1 surefire-20241001222325169_1tmp surefire_0-20241001222325169_2tmp"/>
    <property name="jdk.debug" value="release"/>
    <property name="surefire.test.class.path" value="C:\Users\mateo\OneDrive\Documentos\GitHub\Pt1-LCIV\modelo-finall-lciv-api-loteria-404947-Gallo-Mateo\target\test-classes;C:\Users\mateo\OneDrive\Documentos\GitHub\Pt1-LCIV\modelo-finall-lciv-api-loteria-404947-Gallo-Mateo\target\classes;C:\Users\mateo\.m2\repository\org\springframework\boot\spring-boot-starter-web\3.1.0\spring-boot-starter-web-3.1.0.jar;C:\Users\mateo\.m2\repository\org\springframework\boot\spring-boot-starter\3.1.0\spring-boot-starter-3.1.0.jar;C:\Users\mateo\.m2\repository\org\springframework\boot\spring-boot-starter-logging\3.1.0\spring-boot-starter-logging-3.1.0.jar;C:\Users\mateo\.m2\repository\ch\qos\logback\logback-classic\1.4.7\logback-classic-1.4.7.jar;C:\Users\mateo\.m2\repository\ch\qos\logback\logback-core\1.4.7\logback-core-1.4.7.jar;C:\Users\mateo\.m2\repository\org\apache\logging\log4j\log4j-to-slf4j\2.20.0\log4j-to-slf4j-2.20.0.jar;C:\Users\mateo\.m2\repository\org\apache\logging\log4j\log4j-api\2.20.0\log4j-api-2.20.0.jar;C:\Users\mateo\.m2\repository\org\slf4j\jul-to-slf4j\2.0.7\jul-to-slf4j-2.0.7.jar;C:\Users\mateo\.m2\repository\jakarta\annotation\jakarta.annotation-api\2.1.1\jakarta.annotation-api-2.1.1.jar;C:\Users\mateo\.m2\repository\org\yaml\snakeyaml\1.33\snakeyaml-1.33.jar;C:\Users\mateo\.m2\repository\org\springframework\boot\spring-boot-starter-json\3.1.0\spring-boot-starter-json-3.1.0.jar;C:\Users\mateo\.m2\repository\com\fasterxml\jackson\datatype\jackson-datatype-jdk8\2.15.0\jackson-datatype-jdk8-2.15.0.jar;C:\Users\mateo\.m2\repository\com\fasterxml\jackson\module\jackson-module-parameter-names\2.15.0\jackson-module-parameter-names-2.15.0.jar;C:\Users\mateo\.m2\repository\org\springframework\boot\spring-boot-starter-tomcat\3.1.0\spring-boot-starter-tomcat-3.1.0.jar;C:\Users\mateo\.m2\repository\org\apache\tomcat\embed\tomcat-embed-core\10.1.8\tomcat-embed-core-10.1.8.jar;C:\Users\mateo\.m2\repository\org\apache\tomcat\embed\tomcat-embed-websocket\10.1.8\tomcat-embed-websocket-10.1.8.jar;C:\Users\mateo\.m2\repository\org\springframework\spring-web\6.0.9\spring-web-6.0.9.jar;C:\Users\mateo\.m2\repository\org\springframework\spring-beans\6.0.9\spring-beans-6.0.9.jar;C:\Users\mateo\.m2\repository\io\micrometer\micrometer-observation\1.11.0\micrometer-observation-1.11.0.jar;C:\Users\mateo\.m2\repository\io\micrometer\micrometer-commons\1.11.0\micrometer-commons-1.11.0.jar;C:\Users\mateo\.m2\repository\org\springframework\spring-webmvc\6.0.9\spring-webmvc-6.0.9.jar;C:\Users\mateo\.m2\repository\org\springframework\spring-aop\6.0.9\spring-aop-6.0.9.jar;C:\Users\mateo\.m2\repository\org\springframework\spring-context\6.0.9\spring-context-6.0.9.jar;C:\Users\mateo\.m2\repository\org\springframework\spring-expression\6.0.9\spring-expression-6.0.9.jar;C:\Users\mateo\.m2\repository\com\google\code\gson\gson\2.8.9\gson-2.8.9.jar;C:\Users\mateo\.m2\repository\com\fasterxml\jackson\core\jackson-databind\2.17.0\jackson-databind-2.17.0.jar;C:\Users\mateo\.m2\repository\com\fasterxml\jackson\core\jackson-annotations\2.15.0\jackson-annotations-2.15.0.jar;C:\Users\mateo\.m2\repository\com\fasterxml\jackson\core\jackson-core\2.15.0\jackson-core-2.15.0.jar;C:\Users\mateo\.m2\repository\net\bytebuddy\byte-buddy\1.14.4\byte-buddy-1.14.4.jar;C:\Users\mateo\.m2\repository\com\fasterxml\jackson\datatype\jackson-datatype-jsr310\2.13.0\jackson-datatype-jsr310-2.13.0.jar;C:\Users\mateo\.m2\repository\org\springframework\boot\spring-boot-devtools\3.1.0\spring-boot-devtools-3.1.0.jar;C:\Users\mateo\.m2\repository\org\springframework\boot\spring-boot\3.1.0\spring-boot-3.1.0.jar;C:\Users\mateo\.m2\repository\org\springframework\boot\spring-boot-autoconfigure\3.1.0\spring-boot-autoconfigure-3.1.0.jar;C:\Users\mateo\.m2\repository\org\springframework\boot\spring-boot-starter-test\3.1.0\spring-boot-starter-test-3.1.0.jar;C:\Users\mateo\.m2\repository\org\springframework\boot\spring-boot-test\3.1.0\spring-boot-test-3.1.0.jar;C:\Users\mateo\.m2\repository\org\springframework\boot\spring-boot-test-autoconfigure\3.1.0\spring-boot-test-autoconfigure-3.1.0.jar;C:\Users\mateo\.m2\repository\com\jayway\jsonpath\json-path\2.8.0\json-path-2.8.0.jar;C:\Users\mateo\.m2\repository\org\slf4j\slf4j-api\2.0.7\slf4j-api-2.0.7.jar;C:\Users\mateo\.m2\repository\jakarta\xml\bind\jakarta.xml.bind-api\4.0.0\jakarta.xml.bind-api-4.0.0.jar;C:\Users\mateo\.m2\repository\jakarta\activation\jakarta.activation-api\2.1.2\jakarta.activation-api-2.1.2.jar;C:\Users\mateo\.m2\repository\net\minidev\json-smart\2.4.10\json-smart-2.4.10.jar;C:\Users\mateo\.m2\repository\net\minidev\accessors-smart\2.4.9\accessors-smart-2.4.9.jar;C:\Users\mateo\.m2\repository\org\ow2\asm\asm\9.3\asm-9.3.jar;C:\Users\mateo\.m2\repository\org\assertj\assertj-core\3.24.2\assertj-core-3.24.2.jar;C:\Users\mateo\.m2\repository\org\hamcrest\hamcrest\2.2\hamcrest-2.2.jar;C:\Users\mateo\.m2\repository\org\junit\jupiter\junit-jupiter\5.9.3\junit-jupiter-5.9.3.jar;C:\Users\mateo\.m2\repository\org\junit\jupiter\junit-jupiter-api\5.9.3\junit-jupiter-api-5.9.3.jar;C:\Users\mateo\.m2\repository\org\opentest4j\opentest4j\1.2.0\opentest4j-1.2.0.jar;C:\Users\mateo\.m2\repository\org\junit\platform\junit-platform-commons\1.9.3\junit-platform-commons-1.9.3.jar;C:\Users\mateo\.m2\repository\org\apiguardian\apiguardian-api\1.1.2\apiguardian-api-1.1.2.jar;C:\Users\mateo\.m2\repository\org\junit\jupiter\junit-jupiter-params\5.9.3\junit-jupiter-params-5.9.3.jar;C:\Users\mateo\.m2\repository\org\junit\jupiter\junit-jupiter-engine\5.9.3\junit-jupiter-engine-5.9.3.jar;C:\Users\mateo\.m2\repository\org\junit\platform\junit-platform-engine\1.9.3\junit-platform-engine-1.9.3.jar;C:\Users\mateo\.m2\repository\org\mockito\mockito-core\5.3.1\mockito-core-5.3.1.jar;C:\Users\mateo\.m2\repository\net\bytebuddy\byte-buddy-agent\1.14.4\byte-buddy-agent-1.14.4.jar;C:\Users\mateo\.m2\repository\org\objenesis\objenesis\3.3\objenesis-3.3.jar;C:\Users\mateo\.m2\repository\org\mockito\mockito-junit-jupiter\5.3.1\mockito-junit-jupiter-5.3.1.jar;C:\Users\mateo\.m2\repository\org\skyscreamer\jsonassert\1.5.1\jsonassert-1.5.1.jar;C:\Users\mateo\.m2\repository\com\vaadin\external\google\android-json\0.0.20131108.vaadin1\android-json-0.0.20131108.vaadin1.jar;C:\Users\mateo\.m2\repository\org\springframework\spring-core\6.0.9\spring-core-6.0.9.jar;C:\Users\mateo\.m2\repository\org\springframework\spring-jcl\6.0.9\spring-jcl-6.0.9.jar;C:\Users\mateo\.m2\repository\org\springframework\spring-test\6.0.9\spring-test-6.0.9.jar;C:\Users\mateo\.m2\repository\org\xmlunit\xmlunit-core\2.9.1\xmlunit-core-2.9.1.jar;C:\Users\mateo\.m2\repository\org\springframework\boot\spring-boot-starter-data-jpa\3.1.0\spring-boot-starter-data-jpa-3.1.0.jar;C:\Users\mateo\.m2\repository\org\springframework\boot\spring-boot-starter-aop\3.1.0\spring-boot-starter-aop-3.1.0.jar;C:\Users\mateo\.m2\repository\org\aspectj\aspectjweaver\1.9.19\aspectjweaver-1.9.19.jar;C:\Users\mateo\.m2\repository\org\springframework\boot\spring-boot-starter-jdbc\3.1.0\spring-boot-starter-jdbc-3.1.0.jar;C:\Users\mateo\.m2\repository\com\zaxxer\HikariCP\5.0.1\HikariCP-5.0.1.jar;C:\Users\mateo\.m2\repository\org\springframework\spring-jdbc\6.0.9\spring-jdbc-6.0.9.jar;C:\Users\mateo\.m2\repository\org\hibernate\orm\hibernate-core\6.2.2.Final\hibernate-core-6.2.2.Final.jar;C:\Users\mateo\.m2\repository\jakarta\persistence\jakarta.persistence-api\3.1.0\jakarta.persistence-api-3.1.0.jar;C:\Users\mateo\.m2\repository\jakarta\transaction\jakarta.transaction-api\2.0.1\jakarta.transaction-api-2.0.1.jar;C:\Users\mateo\.m2\repository\org\jboss\logging\jboss-logging\3.5.0.Final\jboss-logging-3.5.0.Final.jar;C:\Users\mateo\.m2\repository\org\hibernate\common\hibernate-commons-annotations\6.0.6.Final\hibernate-commons-annotations-6.0.6.Final.jar;C:\Users\mateo\.m2\repository\io\smallrye\jandex\3.0.5\jandex-3.0.5.jar;C:\Users\mateo\.m2\repository\com\fasterxml\classmate\1.5.1\classmate-1.5.1.jar;C:\Users\mateo\.m2\repository\org\glassfish\jaxb\jaxb-runtime\4.0.2\jaxb-runtime-4.0.2.jar;C:\Users\mateo\.m2\repository\org\glassfish\jaxb\jaxb-core\4.0.2\jaxb-core-4.0.2.jar;C:\Users\mateo\.m2\repository\org\eclipse\angus\angus-activation\2.0.0\angus-activation-2.0.0.jar;C:\Users\mateo\.m2\repository\org\glassfish\jaxb\txw2\4.0.2\txw2-4.0.2.jar;C:\Users\mateo\.m2\repository\com\sun\istack\istack-commons-runtime\4.1.1\istack-commons-runtime-4.1.1.jar;C:\Users\mateo\.m2\repository\jakarta\inject\jakarta.inject-api\2.0.1\jakarta.inject-api-2.0.1.jar;C:\Users\mateo\.m2\repository\org\antlr\antlr4-runtime\4.10.1\antlr4-runtime-4.10.1.jar;C:\Users\mateo\.m2\repository\org\springframework\data\spring-data-jpa\3.1.0\spring-data-jpa-3.1.0.jar;C:\Users\mateo\.m2\repository\org\springframework\data\spring-data-commons\3.1.0\spring-data-commons-3.1.0.jar;C:\Users\mateo\.m2\repository\org\springframework\spring-orm\6.0.9\spring-orm-6.0.9.jar;C:\Users\mateo\.m2\repository\org\springframework\spring-tx\6.0.9\spring-tx-6.0.9.jar;C:\Users\mateo\.m2\repository\org\springframework\spring-aspects\6.0.9\spring-aspects-6.0.9.jar;C:\Users\mateo\.m2\repository\org\springframework\boot\spring-boot-starter-validation\3.1.0\spring-boot-starter-validation-3.1.0.jar;C:\Users\mateo\.m2\repository\org\apache\tomcat\embed\tomcat-embed-el\10.1.8\tomcat-embed-el-10.1.8.jar;C:\Users\mateo\.m2\repository\org\hibernate\validator\hibernate-validator\8.0.0.Final\hibernate-validator-8.0.0.Final.jar;C:\Users\mateo\.m2\repository\jakarta\validation\jakarta.validation-api\3.0.2\jakarta.validation-api-3.0.2.jar;C:\Users\mateo\.m2\repository\org\springdoc\springdoc-openapi-starter-webmvc-ui\2.1.0\springdoc-openapi-starter-webmvc-ui-2.1.0.jar;C:\Users\mateo\.m2\repository\org\springdoc\springdoc-openapi-starter-webmvc-api\2.1.0\springdoc-openapi-starter-webmvc-api-2.1.0.jar;C:\Users\mateo\.m2\repository\org\springdoc\springdoc-openapi-starter-common\2.1.0\springdoc-openapi-starter-common-2.1.0.jar;C:\Users\mateo\.m2\repository\io\swagger\core\v3\swagger-core-jakarta\2.2.9\swagger-core-jakarta-2.2.9.jar;C:\Users\mateo\.m2\repository\org\apache\commons\commons-lang3\3.12.0\commons-lang3-3.12.0.jar;C:\Users\mateo\.m2\repository\io\swagger\core\v3\swagger-annotations-jakarta\2.2.9\swagger-annotations-jakarta-2.2.9.jar;C:\Users\mateo\.m2\repository\io\swagger\core\v3\swagger-models-jakarta\2.2.9\swagger-models-jakarta-2.2.9.jar;C:\Users\mateo\.m2\repository\com\fasterxml\jackson\dataformat\jackson-dataformat-yaml\2.15.0\jackson-dataformat-yaml-2.15.0.jar;C:\Users\mateo\.m2\repository\org\webjars\swagger-ui\4.18.2\swagger-ui-4.18.2.jar;C:\Users\mateo\.m2\repository\org\projectlombok\lombok\1.18.26\lombok-1.18.26.jar;C:\Users\mateo\.m2\repository\com\h2database\h2\2.1.214\h2-2.1.214.jar;C:\Users\mateo\.m2\repository\org\modelmapper\modelmapper\3.1.1\modelmapper-3.1.1.jar;"/>
    <property name="sun.cpu.endian" value="little"/>
    <property name="user.home" value="C:\Users\mateo"/>
    <property name="user.language" value="es"/>
    <property name="java.specification.vendor" value="Oracle Corporation"/>
    <property name="java.version.date" value="2024-01-16"/>
    <property name="java.home" value="C:\Users\mateo\.jdks\azul-17.0.10"/>
    <property name="file.separator" value="\"/>
    <property name="basedir" value="C:\Users\mateo\OneDrive\Documentos\GitHub\Pt1-LCIV\modelo-finall-lciv-api-loteria-404947-Gallo-Mateo"/>
    <property name="java.vm.compressedOopsMode" value="32-bit"/>
    <property name="line.separator" value="&#10;"/>
    <property name="java.vm.specification.vendor" value="Oracle Corporation"/>
    <property name="java.specification.name" value="Java Platform API Specification"/>
    <property name="FILE_LOG_CHARSET" value="windows-1252"/>
    <property name="java.awt.headless" value="true"/>
    <property name="surefire.real.class.path" value="C:\Users\mateo\AppData\Local\Temp\surefire3809364920486771141\surefirebooter-20241001222325169_3.jar"/>
    <property name="user.script" value=""/>
    <property name="sun.management.compiler" value="HotSpot 64-Bit Tiered Compilers"/>
    <property name="java.runtime.version" value="17.0.10+7-LTS"/>
    <property name="user.name" value="mateo"/>
    <property name="path.separator" value=";"/>
    <property name="os.version" value="10.0"/>
    <property name="java.runtime.name" value="OpenJDK Runtime Environment"/>
    <property name="file.encoding" value="Cp1252"/>
    <property name="java.vm.name" value="OpenJDK 64-Bit Server VM"/>
    <property name="java.vendor.version" value="Zulu17.48+15-CA"/>
    <property name="localRepository" value="C:\Users\mateo\.m2\repository"/>
    <property name="java.vendor.url.bug" value="http://www.azul.com/support/"/>
    <property name="java.io.tmpdir" value="C:\Users\mateo\AppData\Local\Temp\"/>
    <property name="idea.version" value="2023.3.6"/>
    <property name="com.zaxxer.hikari.pool_number" value="1"/>
    <property name="java.version" value="17.0.10"/>
    <property name="user.dir" value="C:\Users\mateo\OneDrive\Documentos\GitHub\Pt1-LCIV\modelo-finall-lciv-api-loteria-404947-Gallo-Mateo"/>
    <property name="os.arch" value="amd64"/>
    <property name="java.vm.specification.name" value="Java Virtual Machine Specification"/>
    <property name="PID" value="8680"/>
    <property name="sun.os.patch.level" value=""/>
    <property name="CONSOLE_LOG_CHARSET" value="windows-1252"/>
    <property name="native.encoding" value="Cp1252"/>
    <property name="java.library.path" value="C:\Users\mateo\.jdks\azul-17.0.10\bin;C:\Windows\Sun\Java\bin;C:\Windows\system32;C:\Windows;C:\Program Files\Python38\Scripts\;C:\Program Files\Python38\;C:\Windows\system32;C:\Windows;C:\Windows\System32\Wbem;C:\Windows\System32\WindowsPowerShell\v1.0\;C:\Windows\System32\OpenSSH\;C:\Program Files\Microsoft SQL Server\150\Tools\Binn\;C:\Program Files\Microsoft SQL Server\Client SDK\ODBC\170\Tools\Binn\;C:\Program Files\dotnet\;C:\Program Files\Azure Data Studio\bin;C:\Program Files\Git\cmd;C:\Program Files (x86)\Microsoft SQL Server\150\Tools\Binn\;C:\Program Files\Microsoft SQL Server\150\DTS\Binn\;C:\Program Files (x86)\Microsoft SQL Server\160\DTS\Binn\;C:\Program Files\nodejs\;C:\Program Files\Docker\Docker\resources\bin;C:\Users\mateo\AppData\Local\Microsoft\WindowsApps;C:\Users\mateo\AppData\Local\GitHubDesktop\bin;C:\Users\mateo\AppData\Local\Programs\Microsoft VS Code\bin;C:\Program Files\Azure Data Studio\bin;C:\Users\mateo\.dotnet\tools;C:\Users\mateo\AppData\Roaming\npm;."/>
    <property name="java.vm.info" value="mixed mode, sharing"/>
    <property name="java.vendor" value="Azul Systems, Inc."/>
    <property name="java.vm.version" value="17.0.10+7-LTS"/>
    <property name="sun.io.unicode.encoding" value="UnicodeLittle"/>
    <property name="java.class.version" value="61.0"/>
  </properties>
  <testcase name="contextLoads" classname="ar.edu.utn.frc.tup.lciii.ApplicationTests" time="0.732">
    <system-out><![CDATA[22:23:26.443 [main] INFO org.springframework.test.context.support.AnnotationConfigContextLoaderUtils -- Could not detect default configuration classes for test class [ar.edu.utn.frc.tup.lciii.ApplicationTests]: ApplicationTests does not declare any static, non-private, non-final, nested classes annotated with @Configuration.
22:23:26.605 [main] INFO org.springframework.boot.test.context.SpringBootTestContextBootstrapper -- Found @SpringBootConfiguration ar.edu.utn.frc.tup.lciii.Application for test class ar.edu.utn.frc.tup.lciii.ApplicationTests

  .   ____          _            __ _ _
 /\\ / ___'_ __ _ _(_)_ __  __ _ \ \ \ \
( ( )\___ | '_ | '_| | '_ \/ _` | \ \ \ \
 \\/  ___)| |_)| | | | | || (_| |  ) ) ) )
  '  |____| .__|_| |_|_| |_\__, | / / / /
 =========|_|==============|___/=/_/_/_/
 :: Spring Boot ::                (v3.1.0)

2024-10-01T22:23:27.180-03:00  INFO 8680 --- [           main] a.e.utn.frc.tup.lciii.ApplicationTests   : Starting ApplicationTests using Java 17.0.10 with PID 8680 (started by mateo in C:\Users\mateo\OneDrive\Documentos\GitHub\Pt1-LCIV\modelo-finall-lciv-api-loteria-404947-Gallo-Mateo)
2024-10-01T22:23:27.183-03:00  INFO 8680 --- [           main] a.e.utn.frc.tup.lciii.ApplicationTests   : No active profile set, falling back to 1 default profile: "default"
2024-10-01T22:23:28.657-03:00  INFO 8680 --- [           main] .s.d.r.c.RepositoryConfigurationDelegate : Bootstrapping Spring Data JPA repositories in DEFAULT mode.
2024-10-01T22:23:28.769-03:00  INFO 8680 --- [           main] .s.d.r.c.RepositoryConfigurationDelegate : Finished Spring Data repository scanning in 100 ms. Found 3 JPA repository interfaces.
2024-10-01T22:23:29.428-03:00  INFO 8680 --- [           main] com.zaxxer.hikari.HikariDataSource       : HikariPool-1 - Starting...
2024-10-01T22:23:29.743-03:00  INFO 8680 --- [           main] com.zaxxer.hikari.pool.HikariPool        : HikariPool-1 - Added connection conn0: url=jdbc:h2:mem:test user=SA
2024-10-01T22:23:29.746-03:00  INFO 8680 --- [           main] com.zaxxer.hikari.HikariDataSource       : HikariPool-1 - Start completed.
2024-10-01T22:23:29.879-03:00  INFO 8680 --- [           main] o.hibernate.jpa.internal.util.LogHelper  : HHH000204: Processing PersistenceUnitInfo [name: default]
2024-10-01T22:23:29.977-03:00  INFO 8680 --- [           main] org.hibernate.Version                    : HHH000412: Hibernate ORM core version 6.2.2.Final
2024-10-01T22:23:29.980-03:00  INFO 8680 --- [           main] org.hibernate.cfg.Environment            : HHH000406: Using bytecode reflection optimizer
2024-10-01T22:23:30.355-03:00  INFO 8680 --- [           main] o.h.b.i.BytecodeProviderInitiator        : HHH000021: Bytecode provider name : bytebuddy
2024-10-01T22:23:30.581-03:00  INFO 8680 --- [           main] o.s.o.j.p.SpringPersistenceUnitInfo      : No LoadTimeWeaver setup: ignoring JPA class transformer
2024-10-01T22:23:30.629-03:00  INFO 8680 --- [           main] org.hibernate.orm.dialect                : HHH035001: Using dialect: org.hibernate.dialect.H2Dialect, version: 2.1.214
2024-10-01T22:23:31.234-03:00  INFO 8680 --- [           main] o.h.b.i.BytecodeProviderInitiator        : HHH000021: Bytecode provider name : bytebuddy
2024-10-01T22:23:32.108-03:00  INFO 8680 --- [           main] o.h.e.t.j.p.i.JtaPlatformInitiator       : HHH000490: Using JtaPlatform implementation: [org.hibernate.engine.transaction.jta.platform.internal.NoJtaPlatform]
Hibernate: drop table if exists apuestas cascade 
Hibernate: drop table if exists info_apuestas cascade 
Hibernate: drop table if exists sorteos cascade 
Hibernate: create table apuestas (fecha_sorteo date, id_apuesta integer generated by default as identity, id_sorteo integer, monto_apostado float(53), premio float(53), id_cliente varchar(255), numero varchar(255), resultado varchar(255), primary key (id_apuesta))
Hibernate: create table info_apuestas (id_sorteo integer not null, total_de_apuestas float(53), total_en_reserva float(53), total_pagado float(53), fecha_sorteo varchar(255), primary key (id_sorteo))
Hibernate: create table sorteos (id_sorteo integer not null, total_de_apuestas float(53), total_en_reserva float(53), total_pagado float(53), fecha_sorteo varchar(255), primary key (id_sorteo))
2024-10-01T22:23:32.155-03:00  INFO 8680 --- [           main] o.h.t.s.i.e.GenerationTargetToDatabase   : HHH000476: Executing script '[injected ScriptSourceInputNonExistentImpl script]'
2024-10-01T22:23:32.158-03:00  INFO 8680 --- [           main] j.LocalContainerEntityManagerFactoryBean : Initialized JPA EntityManagerFactory for persistence unit 'default'
2024-10-01T22:23:33.196-03:00  WARN 8680 --- [           main] JpaBaseConfiguration$JpaWebConfiguration : spring.jpa.open-in-view is enabled by default. Therefore, database queries may be performed during view rendering. Explicitly configure spring.jpa.open-in-view to disable this warning
2024-10-01T22:23:34.287-03:00  INFO 8680 --- [           main] a.e.utn.frc.tup.lciii.ApplicationTests   : Started ApplicationTests in 7.463 seconds (process running for 8.914)
]]></system-out>
  </testcase>
</testsuite>